<?xml version="1.0" encoding="UTF-8"?>
<!-- Generated by org.testng.reporters.JUnitXMLReporter -->
<testsuite ignored="0" hostname="LAPTOP-2H7AESPG" failures="0" tests="4" name="Default test" time="25.5" errors="0" timestamp="2023-04-26T22:48:38 EDT">
  <testcase classname="com.qa.testcases.LoginPageTests" name="testLoginPageTitle" time="6.374"/>
  <testcase classname="com.qa.testcases.LoginPageTests" name="testActiImageIsDisplayed" time="5.652"/>
  <testcase classname="com.qa.testcases.LoginPageTests" name="forgotPasswordIsDisplayed" time="5.717"/>
  <testcase classname="com.qa.testcases.LoginPageTests" name="loginFunctionality" time="7.716"/>
</testsuite> <!-- Default test -->
