<?xml version="1.0" encoding="UTF-8"?>
<testng-results ignored="0" total="4" passed="4" failed="0" skipped="0">
  <reporter-output>
  </reporter-output>
  <suite started-at="2023-04-26T22:48:13 EDT" name="Default suite" finished-at="2023-04-26T22:48:38 EDT" duration-ms="25500">
    <groups>
    </groups>
    <test started-at="2023-04-26T22:48:13 EDT" name="Default test" finished-at="2023-04-26T22:48:38 EDT" duration-ms="25500">
      <class name="com.qa.testcases.LoginPageTests">
        <test-method signature="testLoginPageTitle()[pri:1, instance:com.qa.testcases.LoginPageTests@2b91004a]" started-at="2023-04-26T22:48:13 EDT" name="testLoginPageTitle" finished-at="2023-04-26T22:48:19 EDT" duration-ms="6374" status="PASS">
          <reporter-output>
          </reporter-output>
        </test-method> <!-- testLoginPageTitle -->
        <test-method signature="testActiImageIsDisplayed()[pri:2, instance:com.qa.testcases.LoginPageTests@2b91004a]" started-at="2023-04-26T22:48:19 EDT" name="testActiImageIsDisplayed" finished-at="2023-04-26T22:48:25 EDT" duration-ms="5652" status="PASS">
          <reporter-output>
          </reporter-output>
        </test-method> <!-- testActiImageIsDisplayed -->
        <test-method signature="forgotPasswordIsDisplayed()[pri:3, instance:com.qa.testcases.LoginPageTests@2b91004a]" started-at="2023-04-26T22:48:25 EDT" name="forgotPasswordIsDisplayed" finished-at="2023-04-26T22:48:31 EDT" duration-ms="5717" status="PASS">
          <reporter-output>
          </reporter-output>
        </test-method> <!-- forgotPasswordIsDisplayed -->
        <test-method signature="loginFunctionality()[pri:4, instance:com.qa.testcases.LoginPageTests@2b91004a]" started-at="2023-04-26T22:48:31 EDT" name="loginFunctionality" finished-at="2023-04-26T22:48:38 EDT" duration-ms="7716" status="PASS">
          <reporter-output>
          </reporter-output>
        </test-method> <!-- loginFunctionality -->
      </class> <!-- com.qa.testcases.LoginPageTests -->
    </test> <!-- Default test -->
  </suite> <!-- Default suite -->
</testng-results>
